C51 COMPILER V9.54   PUBLIC                                                                06/14/2024 03:41:17 PAGE 1   


C51 COMPILER V9.54, COMPILATION OF MODULE PUBLIC
OBJECT MODULE PLACED IN public.obj
COMPILER INVOKED BY: D:\keil_51\C51\BIN\C51.EXE Public\public.c OPTIMIZE(8,SPEED) BROWSE INCDIR(.\App\key_matrix;.\App\l
                    -cd1602;.\Public;.\User;.\App\key_fun;.\App\beep) DEBUG OBJECTEXTEND PRINT(.\public.lst) TABS(2) OBJECT(public.obj)

line level    source

   1          #include "public.h"
   2          
   3          /*******************************************************************************
   4           * 函 数 名       : delay_10us
   5           * 函数功能    : 延时函数，ten_us=1时，大约延时10us
   6           * 输    入       : ten_us
   7           * 输    出      : 无
   8           *******************************************************************************/
   9          void delay_10us(u16 ten_us)
  10          {
  11   1        while (ten_us--)
  12   1          ;
  13   1      }
  14          
  15          /*******************************************************************************
  16           * 函 数 名       : delay_ms
  17           * 函数功能    : ms延时函数，ms=1时，大约延时1ms
  18           * 输    入       : ms：ms延时时间
  19           * 输    出      : 无
  20           *******************************************************************************/
  21          void delay_ms(u16 ms)
  22          {
  23   1        u16 i, j;
  24   1        for (i = ms; i > 0; i--)
  25   1          for (j = 110; j > 0; j--)
  26   1            ;
  27   1      }


MODULE INFORMATION:   STATIC OVERLAYABLE
   CODE SIZE        =     41    ----
   CONSTANT SIZE    =   ----    ----
   XDATA SIZE       =   ----    ----
   PDATA SIZE       =   ----    ----
   DATA SIZE        =   ----    ----
   IDATA SIZE       =   ----    ----
   BIT SIZE         =   ----    ----
END OF MODULE INFORMATION.


C51 COMPILATION COMPLETE.  0 WARNING(S),  0 ERROR(S)
